44
-1
-1
1
4
53
52
28
0
-1
38
1
12
10
30
9
22
3
3
45
10
40
13
26
8
2
-1
9
26
5
42
16
0
38
43
1
0
25
2
21
32
16
0
22
19
2
18
9
-1
2
21
7
7
7
42
28
-1
7
48
42
30
26
22
4
41
0
9
2
-1
14
21
12
26
31
18
29
3
32
27
0
35
25
9
10
13
35
4
-1
29
35
13
36
16
36
18
20
20
42
6
27
-1
1049
195
917
770
149
1044
88
128
902
97
635
473
59
87
197
872
275
-1
462
817
887
405
301
873
52
1126
1041
160
241
-1
563
647
382
856
986
310
672
676
282
465
519
789
321
910
58
-1
199
876
190
-1
91
1078
124
168
192
183
609
1062
735
-1
277
850
676
73
909
578
122
36
419
49
-1
438
157
981
488
181
958
805
1101
95
561
845
448
181
80
260
1117
1008
-1
117
133
70
375
84
205
720
989
353
267
48
10
81
-1
28
-1
-1
67
56
40
82
72
-1
184
25
43
69
68
112
104
39
20
75
25
199
19
218
143
208
218
219
141
214
63
184
65
-1
61
-1
175
65
17
234
-1
54
192
49
94
17
120
163
140
108
57
111
113
100
44
34
159
23
28
54
107
30
259
178
35
52
188
96
174
49
88
216
228
97
63
48
238
177
203
227
83
132
178
198
24
205
119
33
58
62
204
239
-1
138
18
153
13
12
21
-1
55
20
145
50
54
127
192
37
-1
39
69
87
29
62
41
-1
16
28
82
183
152
87
152
66
128
113
80
114
173
190
17
144
227
78
196
250
127
218
39
238
-1
184
151
-1
86
57
236
-1
149
45
90
31
57
252
62
-1
-1
105
79
31
107
125
23
174
49
25
240
27
135
67
-1
56
-1
188
251
14
196
114
18
101
122
244
11
11
52
31
10
55
47
47
27
230
110
63
100
22
123
1456
340
184
228
-1
1043
112
398
930
461
1187
623
190
512
-1
205
1176
-1
735
99
985
819
1378
1018
808
305
1087
539
211
74
211
1083
1495
700
249
196
978
276
378
1190
563
-1
1145
1168
599
258
150
194
111
711
1419
877
420
396
-1
-1
356
1213
252
257
376
170
1346
-1
797
442
789
334
757
414
714
136
1299
662
1137
1437
86
664
129
929
-1
1199
369
349
-1
152
273
1160
-1
866
104
598
461
-1
747
291
504
648
982
1098
1333
424
168
253
125
1113
1540
283
1200
942
-1
-1
1000
189
-1
251
443
1459
108
168
1943
957
1011
1026
-1
196
1963
-1
391
228
588
197
463
1398
173
280
149
683
-1
1927
471
1083
461
845
2224
1119
1635
1215
-1
198
-1
149
835
1920
681
151
1397
387
842
1861
1975
-1
1811
594
1410
894
154
1624
349
-1
1775
893
1332
345
536
782
1767
1397
513
1431
964
1699
226
1007
429
1869
1247
902
348
685
1472
85
1012
316
1621
1850
1013
1635
242
2114
-1
-1
217807
-1
196428
202446
199007
-1
