11
43
3
3
2
4
3
17
27
10
16
23
47
19
33
6
1
26
32
20
51
31
1
0
10
1
17
27
14
34
2
17
22
11
17
50
1
28
13
6
27
29
30
30
1
8
32
4
10
14
5
25
39
7
20
11
5
7
37
44
33
27
6
4
14
0
1
27
41
2
28
28
49
4
8
36
5
0
39
31
50
15
4
28
42
5
47
0
3
31
32
7
12
5
19
23
24
4
33
48
164
788
482
294
823
41
1160
734
1114
1051
84
1020
64
741
738
570
55
703
120
303
1260
927
1077
84
317
157
972
146
127
326
200
626
89
75
1069
687
291
1179
369
237
218
1253
95
781
371
1018
231
249
1197
667
961
211
1190
768
152
165
58
269
64
203
122
601
367
506
1222
1064
410
197
768
767
586
100
808
661
899
560
398
197
315
1024
681
498
837
507
374
744
84
94
86
126
413
259
1105
999
91
326
112
96
941
227
60
24
49
56
96
33
138
151
69
159
32
8
8
169
126
169
90
222
192
279
77
114
40
16
190
43
195
39
79
35
57
15
42
21
122
46
48
110
143
47
184
92
176
178
13
109
180
79
94
63
227
156
76
11
132
43
130
15
91
37
40
230
12
50
23
66
89
15
229
11
40
123
24
25
192
193
89
70
14
240
23
272
134
234
42
51
23
218
141
141
211
29
142
46
97
96
132
107
51
135
38
86
204
19
84
30
182
86
141
159
163
27
103
62
100
91
101
36
200
130
262
228
46
138
197
121
33
93
214
12
127
215
162
84
180
39
87
105
169
171
174
63
69
133
86
52
31
67
36
218
226
18
40
35
181
75
65
22
71
56
220
126
151
208
110
16
62
136
36
29
25
225
91
152
248
9
21
38
32
38
134
31
78
20
217
230
193
221
144
20
88
118
11
29
31
68
184
129
88
179
1312
920
2161
860
665
1455
357
2063
1823
1840
1668
809
107
742
557
1169
531
561
700
1162
1364
1246
1311
1230
148
476
132
603
264
1050
289
528
1120
876
2163
128
1084
280
1237
427
921
410
367
407
447
1149
567
330
469
1238
235
1449
975
823
1327
765
970
603
149
1039
232
402
328
793
603
1215
304
1296
179
695
153
1436
1567
756
865
1281
2258
200
260
1584
479
1451
1163
391
1965
1884
715
2162
2255
367
179
560
2007
2144
393
202
1382
1601
368
699
707
1575
296
294
2159
932
2074
607
809
357
293
1056
1895
756
869
617
1433
369
1506
1042
1094
793
666
483
870
799
159
1979
398
1538
1976
432
917
1733
974
1432
491
92
1890
471
1984
855
435
322
2059
1252
1107
1575
354
1040
232
2002
1301
750
321
472
1104
2058
1162
410
1292
156
1236
528
1582
264
1991
1300
109
175
1297
983
2271
703
191
353
655
227
1904
1378
256
850
1039
1220
1515
1437
196
1669
1891
1747
202
485
468
554
108
265
326
131
136
154
210178
243095
218878
201980
240654
