11
23
30
2
27
3
7
2
37
23
2
5
17
16
23
8
4
10
30
6
1
13
19
38
7
3
14
23
5
37
1
5
0
3
29
25
29
10
6
11
34
5
3
17
5
2
5
1
2
33
24
22
5
13
42
35
18
2
25
25
17
13
17
3
20
23
5
34
12
6
11
32
12
10
13
27
4
36
3
0
3
5
11
46
12
5
35
9
11
4
0
2
1
22
2
1
17
8
24
1
45
15
58
4
7
8
24
9
25
87
57
93
65
23
42
9
53
31
32
8
89
42
57
45
4
22
58
45
8
8
16
55
56
61
58
39
70
69
13
43
30
1
81
76
15
44
20
43
55
16
8
31
44
31
72
7
16
32
35
56
14
4
1
57
73
33
35
20
23
15
1
60
42
0
60
23
4
54
14
85
92
4
1
43
72
8
32
52
83
90
31
57
71
14
59
19
3
46
4
42
4
7
0
6
1
0
0
1
6
4
0
0
11
0
1
9
5
5
0
2
1
0
2
4
0
0
2
0
8
0
6
4
0
7
3
4
1
5
4
5
4
1
3
0
2
0
8
5
6
5
1
6
4
7
0
0
1
0
2
1
0
2
2
0
10
7
0
8
2
0
0
4
1
1
0
2
10
0
6
1
1
8
0
9
4
8
1
5
2
5
1
4
1
0
2
0
1
6
8
3
2
8
13
53
10
21
23
35
2
19
10
6
10
5
36
38
32
21
15
6
16
15
50
34
2
9
55
2
35
22
2
18
10
2
28
2
43
8
18
28
8
6
19
9
2
9
2
39
34
3
43
30
2
7
37
8
9
3
36
20
1
14
2
42
29
36
55
6
16
3
1
27
26
53
15
10
20
2
3
1
8
25
19
18
48
28
54
12
19
23
16
2
2
2
26
16
2
2
8
27
6
2
6
0
8
9
0
10
3
4
1
5
10
0
4
9
2
3
0
10
1
2
2
5
2
0
3
8
2
4
2
9
1
1
0
6
1
0
0
2
3
0
6
8
0
7
1
4
1
7
4
3
7
8
0
2
9
4
5
9
1
0
9
5
1
4
8
4
7
7
0
6
6
4
2
10
4
7
3
1
13
1
1
0
2
0
0
4
0
0
0
4
3
5
0
2
5
1
11
1
