-1
28
24
5
11
34
9
14
1
4
8
37
34
18
3
28
29
16
-1
0
18
9
1
14
1
14
8
8
46
1
31
25
6
-1
13
-1
4
17
-1
19
33
2
18
28
17
3
9
54
6
2
7
29
0
38
40
-1
0
11
0
13
16
16
28
18
10
14
33
2
1
3
5
47
-1
32
9
0
29
8
25
21
8
20
3
27
36
39
18
2
1
7
32
31
-1
11
17
-1
23
16
9
-1
9
55
21
35
16
32
13
23
-1
4
41
4
8
23
92
40
6
13
32
2
-1
3
34
7
75
4
-1
24
8
75
9
8
8
60
28
14
6
34
41
62
43
74
78
14
15
-1
1
-1
3
14
72
23
15
13
9
72
30
0
8
4
1
92
4
46
69
45
11
57
55
20
71
8
-1
8
46
56
69
68
57
33
-1
29
17
56
72
6
3
9
84
39
45
4
4
14
22
7
95
11
71
2
10
8
9
3
6
0
1
4
8
5
8
1
12
4
-1
1
5
6
1
4
3
2
7
5
2
3
0
1
13
8
1
4
10
0
0
4
1
7
7
10
1
1
9
6
6
0
1
1
6
14
5
3
1
4
1
1
1
3
8
0
5
7
1
4
3
2
1
1
-1
1
-1
1
4
4
5
5
9
6
7
2
9
5
2
6
1
2
-1
1
6
9
4
3
12
3
1
1
8
0
4
2
8
28
5
9
48
6
8
24
5
2
5
9
0
8
14
35
8
27
15
44
37
29
2
2
9
38
1
9
-1
18
4
2
9
27
55
2
6
16
27
5
9
30
2
8
3
1
10
46
54
27
34
30
8
8
2
7
19
19
4
31
43
36
9
2
9
-1
36
2
0
34
33
46
14
7
53
14
28
7
15
-1
28
43
33
-1
24
12
9
1
1
17
4
6
2
5
45
8
29
15
6
6
1
1
-1
6
1
5
4
1
1
1
8
1
1
5
2
5
1
-1
7
-1
10
2
1
0
6
6
-1
4
9
5
9
0
1
3
8
12
1
9
-1
0
6
10
2
4
12
0
0
0
6
2
1
14
2
3
4
5
4
1
5
0
0
1
4
2
4
9
4
0
3
8
0
3
-1
0
0
0
1
7
2
4
0
10
3
1
4
1
2
9
0
1
2
3
0
0
3
6
6
-1
5
3
