-1
44
37
44
41
-1
45
-1
46
-1
40
49
49
47
51
48
-1
56
45
-1
46
43
-1
48
47
44
37
45
40
37
46
48
47
46
42
45
43
36
43
44
39
42
40
-1
42
46
46
42
39
41
43
53
38
-1
51
46
42
46
44
48
42
47
41
43
44
46
38
37
46
48
45
48
49
-1
46
42
48
-1
38
45
44
43
50
41
41
45
56
49
49
44
48
47
46
46
56
44
43
47
44
46
89
95
-1
86
86
91
91
90
85
89
85
-1
87
87
90
88
86
-1
92
91
92
88
91
78
92
88
94
-1
94
92
77
88
90
89
-1
87
85
92
86
86
-1
89
87
89
-1
91
88
91
84
91
91
87
84
87
90
89
91
90
89
88
91
92
94
92
91
90
87
89
87
93
87
88
86
93
-1
86
89
90
92
89
91
88
95
91
90
90
85
89
91
86
93
-1
90
85
88
86
93
85
89
87
9
8
9
9
8
9
10
8
-1
-1
14
8
10
-1
9
8
10
10
11
9
11
-1
6
7
8
11
7
8
6
8
11
8
6
18
5
11
7
14
12
10
3
8
7
6
7
5
12
13
7
8
-1
11
9
10
6
8
13
12
11
12
12
13
8
13
8
14
10
13
8
13
6
10
8
8
-1
10
6
7
6
6
11
11
12
9
8
12
8
7
10
8
-1
10
6
10
11
10
8
7
13
8
54
54
55
53
53
59
55
56
59
53
53
54
51
54
55
54
53
57
57
55
51
56
51
-1
55
-1
54
-1
52
57
56
54
54
58
54
55
56
51
54
56
51
55
54
-1
50
59
56
57
55
54
57
-1
52
54
49
54
57
54
57
-1
58
54
57
65
56
53
57
49
55
58
-1
55
56
56
52
53
53
55
57
53
56
56
52
56
59
61
52
52
52
59
56
57
57
55
51
56
59
55
-1
56
9
13
14
11
8
16
9
10
11
12
7
7
14
14
6
10
8
10
6
11
5
11
12
13
10
11
8
5
6
6
15
10
12
7
12
-1
9
12
12
10
12
11
9
10
12
10
-1
10
14
5
7
10
10
8
13
-1
-1
15
13
5
10
18
-1
9
9
7
8
-1
11
11
-1
9
17
-1
7
9
10
7
8
9
11
11
7
8
9
9
-1
-1
14
-1
12
9
9
6
11
12
15
13
13
8
