0
1
2
3
4
4
5
6
7
7
7
7
8
8
9
9
9
633
9
9
10
11
12
13
14
15
16
16
17
18
19
20
21
21
22
22
23
23
23
24
24
24
25
26
27
28
29
30
31
31
32
32
33
33
34
34
35
35
36
37
38
39
39
39
40
40
40
40
41
41
42
43
44
45
45
45
45
45
46
47
48
49
49
49
50
50
51
52
53
54
54
55
56
56
57
58
58
59
60
61
62
63
64
64
64
64
65
65
66
67
68
69
70
71
72
73
74
74
75
75
76
77
78
78
79
80
81
81
82
82
82
82
82
82
83
83
84
85
86
87
88
89
90
90
90
91
92
93
94
94
95
96
96
97
97
98
98
98
98
99
100
101
102
103
103
103
103
104
105
105
106
107
108
109
110
110
111
112
113
114
115
116
117
118
119
119
120
121
122
123
124
124
125
126
126
127
128
129
130
131
132
133
134
135
136
137
138
139
139
140
141
142
142
143
143
144
145
146
147
148
149
149
150
151
151
152
153
153
154
155
156
156
157
158
158
158
159
160
160
161
161
162
163
164
165
166
166
167
168
168
169
169
169
170
171
172
172
173
174
174
175
176
177
178
179
180
180
181
182
182
183
183
184
184
184
185
186
187
187
187
188
189
189
190
190
190
191
191
192
193
194
195
196
196
196
196
197
198
199
199
199
200
201
202
203
203
204
205
206
207
208
208
209
210
210
210
210
210
211
212
213
214
215
215
215
216
217
217
218
219
220
221
221
222
223
223
224
224
225
226
226
227
228
228
228
229
230
231
231
232
233
233
233
234
235
235
236
237
237
237
238
238
239
240
241
242
243
243
244
244
244
245
246
247
247
248
249
250
251
252
253
254
255
256
257
258
259
260
261
262
263
264
265
266
266
267
268
269
270
270
271
271
271
271
272
273
273
273
274
274
275
276
277
278
279
279
279
279
279
280
281
282
282
283
283
283
283
284
284
285
286
287
288
289
290
291
292
293
294
295
296
296
297
298
298
299
300
301
301
302
303
304
304
305
305
305
306
307
308
309
310
311
311
311
312
313
313
314
315
315
315
315
316
316
316
317
318
319
320
321
322
323
324
324
325
326
326
327
328
329
330
331
332
333
334
335
335
336
336
337
337
337
337
337
337
337
337
337
337
337
338
339
339
339
340
341
342
342
343
343
344
345
345
346
347
347
347
347
347
348
349
350
351
351
352
353
354
354
354
355
356
356
357
358
358
358
359
359
360
360
360
361
362
363
364
365
366
367
367
367
368
369
369
370
371
372
373
374
375
376
377
378
378
379
379
380
380
381
382
383
384
385
386
387
387
388
389
390
391
392
393
393
394
395
396
397
398
398
399
400
400
401
402
403
403
404
405
405
405
406
407
408
409
410
411
412
412
413
414
415
416
417
417
417
418
418
419
420
421
422
423
424
425
426
426
427
428
429
430
430
431
432
433
433
434
435
435
436
437
438
439
440
440
441
442
443
444
444
445
446
447
447
448
449
450
450
451
451
451
452
453
454
455
456
457
458
459
460
461
462
463
463
463
464
465
465
466
466
466
467
468
468
469
470
471
471
472
473
474
475
476
477
478
478
478
479
480
481
482
482
483
484
485
485
486
486
486
487
488
488
489
490
491
492
492
493
494
495
495
496
496
497
497
498
499
500
501
502
503
504
505
506
507
508
508
509
509
509
509
510
511
512
513
513
514
515
516
516
517
518
519
519
520
521
522
523
524
525
526
527
527
528
529
530
531
532
533
534
535
535
535
536
537
538
538
539
540
541
541
542
543
543
543
544
544
545
546
547
548
549
550
550
551
551
551
551
552
553
553
554
554
555
556
557
557
558
559
560
560
560
561
561
562
563
563
564
565
565
566
567
568
568
569
570
570
571
571
572
573
574
575
576
577
577
578
579
580
580
581
581
582
583
583
584
585
586
587
588
588
589
590
591
592
593
594
595
596
597
598
599
600
601
602
603
603
604
605
606
606
607
608
608
609
610
611
612
612
612
613
614
614
615
616
617
618
619
619
619
620
621
621
622
623
624
624
625
626
627
628
628
629
629
629
630
631
631
631
632
633
634
635
636
636
637
637
637
638
639
639
640
641
641
642
643
643
644
645
646
646
647
648
649
650
650
651
651
652
652
652
652
653
654
654
655
655
656
657
658
658
659
660
660
661
662
662
663
664
664
665
666
666
667
668
668
668
669
669
670
671
671
672
673
674
675
676
677
678
678
678
678
679
680
681
681
682
682
683
