0
1
1
1
1
2
3
4
4
5
5
6
7
8
9
9
9
9
9
10
11
11
12
13
14
15
15
16
17
18
19
19
20
21
22
23
24
25
25
26
26
27
27
28
29
29
30
31
31
32
32
33
33
34
35
36
37
38
39
40
41
41
42
42
42
43
43
43
43
43
43
44
44
45
45
45
45
46
47
48
49
49
50
50
51
52
52
52
53
53
54
54
55
55
56
57
58
59
60
61
62
63
63
64
64
64
64
65
65
65
66
66
67
68
69
70
71
71
71
72
72
73
73
74
75
75
75
75
75
76
77
78
79
80
81
81
82
83
84
84
84
85
85
86
87
88
89
89
89
90
91
92
93
93
93
93
94
95
95
95
96
96
97
98
98
98
98
99
99
99
99
100
101
101
101
101
102
102
102
103
104
104
105
106
107
108
108
108
109
110
111
112
113
113
113
114
114
115
115
116
117
117
118
118
119
119
120
121
122
122
122
123
123
124
125
125
126
127
128
128
128
129
129
130
131
132
133
134
135
136
137
138
139
139
140
141
142
143
144
145
146
146
147
148
149
149
479
149
150
151
152
153
154
155
156
157
157
157
158
158
158
158
158
159
160
161
162
163
163
163
163
164
164
164
164
164
165
165
166
167
168
168
168
169
169
170
171
171
171
172
172
173
174
175
176
176
176
177
177
178
179
180
181
182
182
183
183
183
184
185
185
185
185
186
187
188
189
190
190
190
190
190
190
191
192
192
192
193
194
195
196
197
198
199
200
200
201
202
203
204
204
204
205
205
206
207
208
209
210
211
211
211
211
211
212
212
212
213
213
214
215
215
216
217
218
219
219
220
220
220
221
222
223
224
224
225
225
225
225
226
226
227
227
227
227
227
228
229
230
231
231
231
231
232
233
234
235
236
237
238
239
240
240
241
242
243
243
243
243
244
244
245
246
246
246
247
248
249
249
249
250
250
250
251
251
252
252
253
253
253
254
255
255
255
255
256
257
258
258
259
260
260
260
260
261
261
261
261
262
263
263
263
264
265
266
267
268
268
269
269
270
270
271
272
272
273
273
273
274
275
275
275
275
276
277
278
278
278
279
280
281
281
281
282
283
283
283
284
285
286
287
287
287
287
288
289
290
291
291
291
291
292
292
292
292
293
293
293
293
294
294
295
296
296
296
297
297
298
299
299
300
300
300
301
302
302
303
303
303
304
304
305
306
306
307
307
307
307
307
308
308
309
310
311
311
311
312
312
313
314
315
316
317
318
318
319
319
319
320
321
322
322
323
324
325
326
327
328
328
329
330
330
331
331
332
332
333
333
333
334
334
334
334
335
335
336
337
338
339
340
341
342
342
342
342
342
342
342
343
343
344
345
346
347
348
348
348
349
350
351
352
353
354
355
355
356
357
357
358
359
359
359
359
359
360
360
360
360
361
361
362
363
364
365
366
366
366
367
367
368
369
370
371
371
372
373
374
375
376
377
377
377
377
378
378
379
380
381
381
381
382
382
383
383
383
383
383
384
385
385
385
386
387
387
388
389
389
390
391
391
392
393
394
395
396
397
397
397
397
398
399
399
400
400
401
401
401
402
403
403
404
405
406
407
407
408
409
409
410
411
411
412
413
413
414
414
415
415
416
416
417
418
418
419
419
419
420
421
422
422
422
423
424
424
425
425
426
427
428
428
428
428
428
428
429
430
431
431
432
432
433
433
433
433
434
435
436
437
438
439
440
441
442
443
443
443
444
445
446
446
446
447
447
448
448
448
448
448
449
449
449
450
451
452
453
453
454
455
455
455
456
457
458
458
459
460
460
461
461
462
463
464
465
465
466
467
468
468
469
470
471
472
473
474
475
476
477
478
478
479
479
480
481
482
482
482
483
484
484
485
486
486
487
488
489
490
490
491
492
493
493
493
494
495
496
497
498
499
499
500
500
500
501
502
502
502
502
502
502
503
503
504
505
505
506
507
508
509
509
509
510
511
512
513
514
515
516
517
518
519
519
520
520
520
520
521
522
522
523
523
524
524
524
525
526
526
527
528
529
530
530
530
530
531
532
533
534
535
536
536
536
536
536
537
538
539
540
540
541
542
542
543
543
544
545
545
545
546
546
547
547
548
549
550
551
551
552
552
553
553
554
555
555
556
557
558
558
559
560
560
561
561
561
562
563
563
563
564
565
566
566
566
566
567
568
569
569
570
570
571
571
571
571
572
572
572
572
573
573
573
574
575
576
577
577
577
578
579
579
579
580
580
581
582
583
583
584
585
585
