6
5
-1
-1
-1
-1
-1
2
17
-1
-1
21
-1
-1
-1
-1
-1
-1
-1
10
-1
-1
-1
-1
9
-1
-1
-1
12
-1
-1
-1
-1
-1
-1
5
-1
2
2
-1
21
-1
1
-1
-1
-1
-1
-1
19
-1
-1
1
2
-1
6
-1
-1
-1
-1
-1
-1
10
38
-1
-1
0
0
-1
-1
-1
-1
12
10
1
-1
-1
6
-1
-1
-1
-1
2
-1
1
-1
3
-1
-1
-1
-1
-1
2
-1
22
3
-1
-1
2
-1
2
-1
23
3
1
7
60
-1
-1
29
47
9
-1
89
-1
32
8
1
42
13
-1
34
4
4
-1
78
8
4
79
1
4
46
-1
-1
-1
-1
4
-1
-1
15
73
-1
0
24
9
8
-1
15
7
9
73
56
-1
-1
4
-1
7
33
31
57
33
4
9
-1
20
-1
24
57
-1
22
16
-1
44
-1
32
-1
88
1
4
-1
61
3
62
45
2
14
45
75
43
-1
-1
14
1
6
4
3
-1
-1
1
-1
4
-1
10
-1
-1
-1
0
0
-1
3
-1
-1
-1
-1
-1
-1
1
-1
-1
-1
-1
-1
-1
0
-1
-1
-1
1
-1
-1
-1
-1
-1
-1
-1
0
-1
-1
-1
-1
0
-1
6
-1
-1
0
-1
-1
-1
-1
7
0
-1
-1
-1
0
-1
1
-1
13
-1
-1
0
-1
0
-1
-1
-1
-1
1
0
-1
-1
0
-1
1
-1
-1
-1
0
-1
1
-1
-1
-1
0
-1
-1
-1
-1
-1
-1
-1
-1
-1
-1
-1
0
-1
1
-1
1
-1
2
29
-1
-1
34
-1
-1
-1
1
-1
10
18
32
-1
23
16
8
6
-1
-1
-1
10
-1
-1
-1
13
-1
-1
21
31
-1
-1
-1
3
48
15
2
15
-1
28
8
-1
38
14
23
-1
-1
-1
63
-1
38
2
23
-1
-1
-1
22
2
-1
10
-1
24
-1
25
12
-1
3
-1
-1
-1
1
37
5
-1
8
-1
1
-1
4
3
8
9
34
-1
-1
9
50
10
32
26
17
-1
2
-1
4
39
27
27
-1
-1
-1
0
-1
5
1
-1
-1
-1
-1
-1
-1
-1
-1
8
-1
-1
2
-1
0
-1
-1
-1
1
-1
4
-1
-1
-1
-1
0
-1
-1
0
-1
-1
3
-1
-1
-1
-1
0
-1
-1
2
-1
-1
-1
-1
-1
-1
0
-1
-1
-1
-1
-1
10
-1
-1
-1
-1
2
0
-1
1
-1
-1
-1
-1
3
-1
-1
-1
0
-1
-1
-1
-1
-1
-1
-1
-1
-1
-1
-1
-1
2
1
1
-1
4
-1
-1
0
8
-1
-1
-1
