253
393
303
143
650
261
662
970
726
109
446
-1
550
-1
302
68
363
179
395
757
1107
219
747
1098
431
248
478
60
895
350
134
64
52
566
-1
611
76
1017
239
772
705
149
301
911
-1
597
875
696
599
96
542
102
1007
120
669
343
495
345
395
712
748
262
290
-1
140
76
282
338
297
1053
110
116
921
606
764
908
217
-1
305
624
143
211
89
105
736
-1
1016
-1
620
889
943
255
159
152
-1
190
956
139
148
99
-1
59
147
216
52
58
66
22
17
14
66
-1
17
25
126
136
21
45
167
-1
165
16
222
230
78
138
16
56
118
215
19
-1
28
90
-1
140
54
191
58
70
93
10
14
87
189
-1
28
12
40
52
176
80
57
37
54
39
28
18
130
20
64
19
209
130
-1
-1
188
24
28
85
209
19
202
22
43
50
29
-1
174
49
-1
153
134
63
90
51
16
51
164
125
25
97
89
156
232
58
36
179
157
215
53
51
167
134
91
153
94
-1
23
72
40
42
159
-1
242
242
108
147
46
50
36
32
43
35
58
82
-1
164
67
216
-1
148
53
87
58
-1
94
227
-1
80
206
201
16
104
125
44
164
51
166
179
157
68
40
24
99
25
63
203
163
46
50
73
75
180
259
22
137
46
244
134
39
67
174
52
32
120
90
240
43
131
123
-1
-1
74
83
30
212
147
49
83
159
34
171
251
179
-1
169
182
158
68
1102
138
317
359
425
1184
160
177
1154
735
1229
121
558
453
381
-1
119
213
106
1323
664
286
1247
134
935
220
994
629
265
146
370
592
400
-1
215
1225
810
1295
550
1197
233
1195
239
91
1236
305
481
103
825
584
557
591
332
198
392
1016
337
585
223
1158
-1
998
-1
429
621
326
950
-1
254
284
782
899
1237
230
484
686
173
-1
730
1043
314
342
601
1228
111
879
1307
1073
331
1094
288
152
399
91
1144
343
258
976
907
425
912
971
310
700
557
1625
1445
716
256
969
764
757
176
197
926
507
1299
1150
784
292
1562
521
974
474
1220
2047
2145
254
1887
206
1961
389
1635
769
1907
476
120
-1
112
1433
853
1348
1006
1290
2058
316
1035
658
975
-1
693
1889
295
1963
561
316
693
127
516
1882
349
-1
470
1790
974
923
1335
1309
978
107
640
2054
748
1913
659
-1
125
1019
1206
757
313
258
1977
278
356
359
321
356
918
1965
156
1292
2052
155
398
1088
860
915
1497
615
204109
180487
-1
-1
177459
200714
186925
193822
